<?xml version="1.0" encoding="UTF-8"?>
<!-- Generated by org.testng.reporters.JUnitReportReporter -->
<testsuite hostname="DESKTOP-29Q37JK" failures="0" tests="3" name="com.Testing.Annotations2" time="0.007" errors="0" timestamp="2023-01-23T10:34:59 IST" skipped="1">
  <testcase classname="com.Testing.Annotations2" name="gmailInBoxTest" time="0.006"/>
  <system-out/>
  <testcase classname="com.Testing.Annotations2" name="gmailsentMailTest" time="0.001"/>
  <system-out/>
  <testcase classname="com.Testing.Annotations2" name="GmailComposeMailTest">
    <skipped/>
  </testcase> <!-- GmailComposeMailTest -->
  <system-out/>
</testsuite> <!-- com.Testing.Annotations2 -->
