<?xml version="1.0" encoding="UTF-8"?>
<!-- Generated by org.testng.reporters.JUnitReportReporter -->
<testsuite hostname="DESKTOP-29Q37JK" failures="0" tests="5" name="com.Testing.Annotations" time="0.011" errors="0" timestamp="2023-01-23T10:31:06 IST" skipped="0">
  <testcase classname="com.Testing.Annotations" name="gmailApplicationLaunch" time="0.009"/>
  <system-out/>
  <testcase classname="com.Testing.Annotations" name="gmailInBoxTest" time="0.001"/>
  <system-out/>
  <testcase classname="com.Testing.Annotations" name="GmailComposeMailTest" time="0.001"/>
  <system-out/>
  <testcase classname="com.Testing.Annotations" name="gmailsentMailTest" time="0.000"/>
  <system-out/>
  <testcase classname="com.Testing.Annotations" name="gmailApplicattionclose" time="0.000"/>
  <system-out/>
</testsuite> <!-- com.Testing.Annotations -->
