<?xml version="1.0" encoding="UTF-8"?>
<!-- Generated by org.testng.reporters.JUnitReportReporter -->
<testsuite hostname="DESKTOP-29Q37JK" failures="0" tests="3" name="com.Testing.Annotations3" time="0.016" errors="0" timestamp="2023-01-23T10:55:31 IST" skipped="0">
  <testcase classname="com.Testing.Annotations3" name="gmailInBoxTest" time="0.013"/>
  <system-out/>
  <testcase classname="com.Testing.Annotations3" name="GmailComposeMailTest" time="0.002"/>
  <system-out/>
  <testcase classname="com.Testing.Annotations3" name="gmailsentMailTest" time="0.001"/>
  <system-out/>
</testsuite> <!-- com.Testing.Annotations3 -->
