<?xml version="1.0" encoding="UTF-8"?>
<!-- Generated by org.testng.reporters.JUnitReportReporter -->
<testsuite hostname="DESKTOP-29Q37JK" failures="0" tests="6" name="com.OrangeHRMApplicationTestCases.OrangeHRM_AddEmployeeTest" time="17.527" errors="0" timestamp="2023-01-31T12:07:08 IST" skipped="0">
  <testcase classname="com.OrangeHRMApplicationTestCases.OrangeHRM_AddEmployeeTest" name="loginpageValidationTest" time="0.102"/>
  <system-out/>
  <testcase classname="com.OrangeHRMApplicationTestCases.OrangeHRM_AddEmployeeTest" name="loginTest" time="2.844"/>
  <system-out/>
  <testcase classname="com.OrangeHRMApplicationTestCases.OrangeHRM_AddEmployeeTest" name="welcomeAdmin" time="0.086"/>
  <system-out/>
  <testcase classname="com.OrangeHRMApplicationTestCases.OrangeHRM_AddEmployeeTest" name="PIMTest" time="3.441"/>
  <system-out/>
  <testcase classname="com.OrangeHRMApplicationTestCases.OrangeHRM_AddEmployeeTest" name="AddemployeeTest" time="4.217"/>
  <system-out/>
  <testcase classname="com.OrangeHRMApplicationTestCases.OrangeHRM_AddEmployeeTest" name="NewEmployeeTest" time="6.837"/>
  <system-out/>
</testsuite> <!-- com.OrangeHRMApplicationTestCases.OrangeHRM_AddEmployeeTest -->
