<?xml version="1.0" encoding="UTF-8"?>
<!-- Generated by org.testng.reporters.JUnitReportReporter -->
<testsuite hostname="DESKTOP-29Q37JK" failures="0" tests="3" name="com.OrangeHRMApplicationTestCases.OrangeHRM_LogINTest" time="6.734" errors="0" timestamp="2023-01-31T11:17:38 IST" skipped="0">
  <testcase classname="com.OrangeHRMApplicationTestCases.OrangeHRM_LogINTest" name="OrangeHRMLoginPage" time="1.432"/>
  <system-out/>
  <testcase classname="com.OrangeHRMApplicationTestCases.OrangeHRM_LogINTest" name="logInTest" time="1.503"/>
  <system-out/>
  <testcase classname="com.OrangeHRMApplicationTestCases.OrangeHRM_LogINTest" name="logOutTest" time="3.799"/>
  <system-out/>
</testsuite> <!-- com.OrangeHRMApplicationTestCases.OrangeHRM_LogINTest -->
