<?xml version="1.0" encoding="UTF-8"?>
<!-- Generated by org.testng.reporters.JUnitReportReporter -->
<testsuite hostname="DESKTOP-29Q37JK" failures="0" tests="2" name="com.BaseTest.BaseTest" time="3.317" errors="0" timestamp="2023-01-24T10:55:52 IST" skipped="0">
  <testcase classname="com.BaseTest.BaseTest" name="setup" time="2.661"/>
  <system-out/>
  <testcase classname="com.BaseTest.BaseTest" name="teardown" time="0.656"/>
  <system-out/>
</testsuite> <!-- com.BaseTest.BaseTest -->
