<?xml version="1.0" encoding="UTF-8"?>
<!-- Generated by org.testng.reporters.JUnitReportReporter -->
<testsuite hostname="DESKTOP-29Q37JK" failures="0" tests="2" name="com.OrangeHRMApplicationTestCases.LoginFunctionality" time="1.410" errors="0" timestamp="2023-02-03T14:02:25 IST" skipped="0">
  <testcase classname="com.OrangeHRMApplicationTestCases.LoginFunctionality" name="ValidatingPageTest" time="1.409"/>
  <system-out/>
  <testcase classname="com.OrangeHRMApplicationTestCases.LoginFunctionality" name="ValidatingLoginFunctionalityTest" time="0.001"/>
  <system-out/>
</testsuite> <!-- com.OrangeHRMApplicationTestCases.LoginFunctionality -->
